C:\Slabaugh\Teaching\INM376_2013\Labs\Lab1\demo\Lab1Source\Lab1\Debug\cl.command.1.tlog
C:\Slabaugh\Teaching\INM376_2013\Labs\Lab1\demo\Lab1Source\Lab1\Debug\CL.read.1.tlog
C:\Slabaugh\Teaching\INM376_2013\Labs\Lab1\demo\Lab1Source\Lab1\Debug\CL.write.1.tlog
C:\Slabaugh\Teaching\INM376_2013\Labs\Lab1\demo\Lab1Source\Lab1\Debug\Game.obj
C:\Slabaugh\Teaching\INM376_2013\Labs\Lab1\demo\Lab1Source\Lab1\Debug\GameWindow.obj
C:\Slabaugh\Teaching\INM376_2013\Labs\Lab1\demo\Lab1Source\Lab1\Debug\link.command.1.tlog
C:\Slabaugh\Teaching\INM376_2013\Labs\Lab1\demo\Lab1Source\Lab1\Debug\link.read.1.tlog
C:\Slabaugh\Teaching\INM376_2013\Labs\Lab1\demo\Lab1Source\Lab1\Debug\link.write.1.tlog
C:\Slabaugh\Teaching\INM376_2013\Labs\Lab1\demo\Lab1Source\Lab1\Debug\Main.obj
C:\Slabaugh\Teaching\INM376_2013\Labs\Lab1\demo\Lab1Source\Lab1\Debug\MatrixStack.obj
C:\Slabaugh\Teaching\INM376_2013\Labs\Lab1\demo\Lab1Source\Lab1\Debug\mt.command.1.tlog
C:\Slabaugh\Teaching\INM376_2013\Labs\Lab1\demo\Lab1Source\Lab1\Debug\mt.read.1.tlog
C:\Slabaugh\Teaching\INM376_2013\Labs\Lab1\demo\Lab1Source\Lab1\Debug\mt.write.1.tlog
C:\Slabaugh\Teaching\INM376_2013\Labs\Lab1\demo\Lab1Source\Lab1\Debug\OpenGLTemplate.exe.intermediate.manifest
C:\Slabaugh\Teaching\INM376_2013\Labs\Lab1\demo\Lab1Source\Lab1\Debug\OpenGLTemplate.vcxprojResolveAssemblyReference.cache
C:\Slabaugh\Teaching\INM376_2013\Labs\Lab1\demo\Lab1Source\Lab1\Debug\OpenGLTemplate.write.1.tlog
C:\Slabaugh\Teaching\INM376_2013\Labs\Lab1\demo\Lab1Source\Lab1\Debug\Shaders.obj
C:\Slabaugh\Teaching\INM376_2013\Labs\Lab1\demo\Lab1Source\Lab1\Debug\vc100.idb
C:\Slabaugh\Teaching\INM376_2013\Labs\Lab1\demo\Lab1Source\Lab1\Debug\vc100.pdb
C:\SLABAUGH\TEACHING\INM376_2013\LABS\LAB1\DEMO\OPENGLTEMPLATE\DEBUG\OPENGLTEMPLATE.EXE
C:\SLABAUGH\TEACHING\INM376_2013\LABS\LAB1\DEMO\OPENGLTEMPLATE\DEBUG\OPENGLTEMPLATE.PDB
C:\SLABAUGH\TEACHING\INM376_2013\LABS\LAB1\DEMO\OPENGLTEMPLATE\OPENGLTEMPLATE\DEBUG\GAME.OBJ
C:\SLABAUGH\TEACHING\INM376_2013\LABS\LAB1\DEMO\OPENGLTEMPLATE\OPENGLTEMPLATE\DEBUG\GAMEWINDOW.OBJ
C:\SLABAUGH\TEACHING\INM376_2013\LABS\LAB1\DEMO\OPENGLTEMPLATE\OPENGLTEMPLATE\DEBUG\MAIN.OBJ
C:\SLABAUGH\TEACHING\INM376_2013\LABS\LAB1\DEMO\OPENGLTEMPLATE\OPENGLTEMPLATE\DEBUG\MATRIXSTACK.OBJ
C:\SLABAUGH\TEACHING\INM376_2013\LABS\LAB1\DEMO\OPENGLTEMPLATE\OPENGLTEMPLATE\DEBUG\OPENGLTEMPLATE.EXE.INTERMEDIATE.MANIFEST
C:\SLABAUGH\TEACHING\INM376_2013\LABS\LAB1\DEMO\OPENGLTEMPLATE\OPENGLTEMPLATE\DEBUG\SHADERS.OBJ
C:\SLABAUGH\TEACHING\INM376_2013\LABS\LAB1\DEMO\OPENGLTEMPLATE\OPENGLTEMPLATE\DEBUG\VC100.PDB
