C:\SLABAUGH\TEACHING\AY2013-2014\INM376\LABS\LAB2\DEMO\LAB2\DEBUG\GAME.OBJ
C:\SLABAUGH\TEACHING\AY2013-2014\INM376\LABS\LAB2\DEMO\LAB2\DEBUG\GAMEWINDOW.OBJ
C:\SLABAUGH\TEACHING\AY2013-2014\INM376\LABS\LAB2\DEMO\LAB2\DEBUG\MATRIXSTACK.OBJ
C:\SLABAUGH\TEACHING\AY2013-2014\INM376\LABS\LAB2\DEMO\LAB2\DEBUG\SHADERS.OBJ
C:\SLABAUGH\TEACHING\AY2013-2014\INM376\LABS\LAB2\DEMO\LAB2\DEBUG\SPHERE.OBJ
C:\SLABAUGH\TEACHING\AY2013-2014\INM376\LABS\LAB2\DEMO\LAB2\DEBUG\TEXTURE.OBJ
C:\SLABAUGH\TEACHING\AY2013-2014\INM376\LABS\LAB2\DEMO\LAB2\DEBUG\VERTEXBUFFEROBJECT.OBJ
C:\SLABAUGH\TEACHING\AY2013-2014\INM376\LABS\LAB2\DEMO\LAB2\DEBUG\VC110.PDB
C:\SLABAUGH\TEACHING\AY2013-2014\INM376\LABS\LAB2\DEMO\LAB2\DEBUG\HIGHRESOLUTIONTIMER.OBJ
C:\SLABAUGH\TEACHING\AY2013-2014\INM376\LABS\LAB2\DEMO\DEBUG\LAB2.EXE
C:\SLABAUGH\TEACHING\AY2013-2014\INM376\LABS\LAB2\DEMO\DEBUG\LAB2.PDB
C:\Slabaugh\Teaching\AY2013-2014\INM376\Labs\Lab2\Demo\Lab2\Debug\Game.obj
C:\Slabaugh\Teaching\AY2013-2014\INM376\Labs\Lab2\Demo\Lab2\Debug\GameWindow.obj
C:\Slabaugh\Teaching\AY2013-2014\INM376\Labs\Lab2\Demo\Lab2\Debug\HighResolutionTimer.obj
C:\Slabaugh\Teaching\AY2013-2014\INM376\Labs\Lab2\Demo\Lab2\Debug\MatrixStack.obj
C:\Slabaugh\Teaching\AY2013-2014\INM376\Labs\Lab2\Demo\Lab2\Debug\Shaders.obj
C:\Slabaugh\Teaching\AY2013-2014\INM376\Labs\Lab2\Demo\Lab2\Debug\Sphere.obj
C:\Slabaugh\Teaching\AY2013-2014\INM376\Labs\Lab2\Demo\Lab2\Debug\Texture.obj
C:\Slabaugh\Teaching\AY2013-2014\INM376\Labs\Lab2\Demo\Lab2\Debug\VertexBufferObject.obj
C:\Slabaugh\Teaching\AY2013-2014\INM376\Labs\Lab2\Demo\Lab2\Debug\cl.command.1.tlog
C:\Slabaugh\Teaching\AY2013-2014\INM376\Labs\Lab2\Demo\Lab2\Debug\CL.read.1.tlog
C:\Slabaugh\Teaching\AY2013-2014\INM376\Labs\Lab2\Demo\Lab2\Debug\CL.write.1.tlog
C:\Slabaugh\Teaching\AY2013-2014\INM376\Labs\Lab2\Demo\Lab2\Debug\link-cvtres.read.1.tlog
C:\Slabaugh\Teaching\AY2013-2014\INM376\Labs\Lab2\Demo\Lab2\Debug\link-cvtres.write.1.tlog
C:\Slabaugh\Teaching\AY2013-2014\INM376\Labs\Lab2\Demo\Lab2\Debug\link-rc.read.1.tlog
C:\Slabaugh\Teaching\AY2013-2014\INM376\Labs\Lab2\Demo\Lab2\Debug\link-rc.write.1.tlog
C:\Slabaugh\Teaching\AY2013-2014\INM376\Labs\Lab2\Demo\Lab2\Debug\link.command.1.tlog
C:\Slabaugh\Teaching\AY2013-2014\INM376\Labs\Lab2\Demo\Lab2\Debug\link.read.1.tlog
C:\Slabaugh\Teaching\AY2013-2014\INM376\Labs\Lab2\Demo\Lab2\Debug\link.write.1.tlog
C:\Slabaugh\Teaching\AY2013-2014\INM376\Labs\Lab2\Demo\Lab2\Debug\vc110.idb
C:\Slabaugh\Teaching\AY2013-2014\INM376\Labs\Lab2\Demo\Lab2\Debug\vc110.pdb
C:\Slabaugh\Teaching\AY2013-2014\INM376\Labs\Lab2\Demo\Debug\Lab2.pdb
C:\Slabaugh\Teaching\AY2013-2014\INM376\Labs\Lab2\Demo\Debug\Lab2.exe
