c:\slabaugh\teaching\ay2015-2016\inm376\template\opengltemplate\debug\vc140.pdb
c:\slabaugh\teaching\ay2015-2016\inm376\template\opengltemplate\debug\vc140.idb
c:\slabaugh\teaching\ay2015-2016\inm376\template\opengltemplate\debug\audio.obj
c:\slabaugh\teaching\ay2015-2016\inm376\template\opengltemplate\debug\camera.obj
c:\slabaugh\teaching\ay2015-2016\inm376\template\opengltemplate\debug\cubemap.obj
c:\slabaugh\teaching\ay2015-2016\inm376\template\opengltemplate\debug\freetypefont.obj
c:\slabaugh\teaching\ay2015-2016\inm376\template\opengltemplate\debug\game.obj
c:\slabaugh\teaching\ay2015-2016\inm376\template\opengltemplate\debug\gamewindow.obj
c:\slabaugh\teaching\ay2015-2016\inm376\template\opengltemplate\debug\highresolutiontimer.obj
c:\slabaugh\teaching\ay2015-2016\inm376\template\opengltemplate\debug\matrixstack.obj
c:\slabaugh\teaching\ay2015-2016\inm376\template\opengltemplate\debug\openassetimportmesh.obj
c:\slabaugh\teaching\ay2015-2016\inm376\template\opengltemplate\debug\plane.obj
c:\slabaugh\teaching\ay2015-2016\inm376\template\opengltemplate\debug\shaders.obj
c:\slabaugh\teaching\ay2015-2016\inm376\template\opengltemplate\debug\skybox.obj
c:\slabaugh\teaching\ay2015-2016\inm376\template\opengltemplate\debug\sphere.obj
c:\slabaugh\teaching\ay2015-2016\inm376\template\opengltemplate\debug\texture.obj
c:\slabaugh\teaching\ay2015-2016\inm376\template\opengltemplate\debug\vertexbufferobject.obj
c:\slabaugh\teaching\ay2015-2016\inm376\template\opengltemplate\debug\vertexbufferobjectindexed.obj
c:\slabaugh\teaching\ay2015-2016\inm376\template\debug\opengltemplate.exe
c:\slabaugh\teaching\ay2015-2016\inm376\template\debug\opengltemplate.pdb
c:\slabaugh\teaching\ay2015-2016\inm376\template\opengltemplate\debug\opengltemplate.tlog\cl.command.1.tlog
c:\slabaugh\teaching\ay2015-2016\inm376\template\opengltemplate\debug\opengltemplate.tlog\cl.read.1.tlog
c:\slabaugh\teaching\ay2015-2016\inm376\template\opengltemplate\debug\opengltemplate.tlog\cl.write.1.tlog
c:\slabaugh\teaching\ay2015-2016\inm376\template\opengltemplate\debug\opengltemplate.tlog\link.command.1.tlog
c:\slabaugh\teaching\ay2015-2016\inm376\template\opengltemplate\debug\opengltemplate.tlog\link.read.1.tlog
c:\slabaugh\teaching\ay2015-2016\inm376\template\opengltemplate\debug\opengltemplate.tlog\link.write.1.tlog
